<?xml version="1.0" encoding="UTF-8"?>
<testsuite xmlns:xsi="http://www.w3.org/2001/XMLSchema-instance" xsi:noNamespaceSchemaLocation="https://maven.apache.org/surefire/maven-surefire-plugin/xsd/surefire-test-report.xsd" name="me.danielmoulton.CardGameTest" time="0.037" tests="7" errors="0" skipped="0" failures="0">
  <properties>
[...]
</properties>
  <testcase name="testIsValidPackFileInvalidNumberOfCards" classname="me.danielmoulton.CardGameTest" time="0"/>
  <testcase name="testImmediateWinner" classname="me.danielmoulton.CardGameTest" time="0.034"/>
  <testcase name="testIsValidPackFileInvalidFilePath" classname="me.danielmoulton.CardGameTest" time="0"/>
  <testcase name="testDealCards" classname="me.danielmoulton.CardGameTest" time="0.002"/>
  <testcase name="testIsValidPackFileNegativeIntegerCard" classname="me.danielmoulton.CardGameTest" time="0.001"/>
  <testcase name="testIsValidPackFileValidFile" classname="me.danielmoulton.CardGameTest" time="0"/>
  <testcase name="testIsValidPackFileNonIntegerCard" classname="me.danielmoulton.CardGameTest" time="0"/>
</testsuite>